2020-11-17 17:12:22,284 - Gamma - read function
2020-11-17 17:12:22,285 - Beta - read function
2020-11-17 17:12:22,285 - Omega - read function
2020-11-17 17:12:22,286 - Zetta - read function
2020-11-17 17:12:22,287 - Ipsylon - read function
2020-11-17 17:16:39,516 - Gamma - read function
2020-11-17 17:16:39,517 - Beta - read function
2020-11-17 17:16:39,517 - Omega - read function
2020-11-17 17:16:39,518 - Zetta - read function
2020-11-17 17:16:39,519 - Ipsylon - read function
2020-11-17 17:18:28,253 - Gamma - read function
2020-11-17 17:18:28,254 - Beta - read function
2020-11-17 17:18:28,255 - Omega - read function
2020-11-17 17:18:28,255 - Zetta - read function
2020-11-17 17:18:28,256 - Ipsylon - read function
2020-11-17 17:19:15,343 - Gamma - read function
2020-11-17 17:19:15,343 - Beta - read function
2020-11-17 17:19:15,344 - Omega - read function
2020-11-17 17:19:15,345 - Zetta - read function
2020-11-17 17:19:15,346 - Ipsylon - read function
2020-11-17 17:33:40,839 - Gamma - read function
2020-11-17 17:33:40,839 - Beta - read function
2020-11-17 17:33:40,840 - Omega - read function
2020-11-17 17:33:40,841 - Zetta - read function
2020-11-17 17:33:40,842 - Ipsylon - read function
2020-11-17 17:34:07,703 - Gamma - read function
2020-11-17 17:34:07,703 - Beta - read function
2020-11-17 17:34:07,704 - Omega - read function
2020-11-17 17:34:07,705 - Zetta - read function
2020-11-17 17:34:07,706 - Ipsylon - read function
